<?xml version="1.0" encoding="UTF-8"?>
<coverage generated="1677887607941" clover="3.2.0">
  <project timestamp="1677887607941" name="All files">
    <metrics statements="46" coveredstatements="44" conditionals="16" coveredconditionals="16" methods="16" coveredmethods="14" elements="78" coveredelements="74" complexity="0" loc="46" ncloc="46" packages="1" files="5" classes="5"/>
    <file name="analyzeArray.js" path="C:\Users\ghanb\OneDrive\Desktop\Library\Test-for-library-App\src\analyzeArray.js">
      <metrics statements="10" coveredstatements="10" conditionals="0" coveredconditionals="0" methods="2" coveredmethods="2"/>
      <line num="1" count="1" type="stmt"/>
      <line num="2" count="26" type="stmt"/>
      <line num="3" count="7" type="stmt"/>
      <line num="4" count="7" type="stmt"/>
      <line num="5" count="7" type="stmt"/>
      <line num="6" count="7" type="stmt"/>
      <line num="7" count="7" type="stmt"/>
      <line num="10" count="1" type="stmt"/>
      <line num="12" count="1" type="stmt"/>
      <line num="14" count="1" type="stmt"/>
    </file>
    <file name="caesarCipher.js" path="C:\Users\ghanb\OneDrive\Desktop\Library\Test-for-library-App\src\caesarCipher.js">
      <metrics statements="20" coveredstatements="20" conditionals="10" coveredconditionals="10" methods="6" coveredmethods="6"/>
      <line num="2" count="1" type="stmt"/>
      <line num="4" count="28" type="stmt"/>
      <line num="6" count="28" type="stmt"/>
      <line num="8" count="28" type="stmt"/>
      <line num="11" count="1" type="stmt"/>
      <line num="13" count="728" type="stmt"/>
      <line num="15" count="28" type="stmt"/>
      <line num="17" count="426" type="stmt"/>
      <line num="20" count="426" type="cond" truecount="2" falsecount="0"/>
      <line num="22" count="213" type="stmt"/>
      <line num="23" count="213" type="stmt"/>
      <line num="25" count="213" type="stmt"/>
      <line num="26" count="213" type="stmt"/>
      <line num="28" count="426" type="cond" truecount="2" falsecount="0"/>
      <line num="30" count="346" type="cond" truecount="2" falsecount="0"/>
      <line num="32" count="226" type="cond" truecount="2" falsecount="0"/>
      <line num="34" count="120" type="cond" truecount="2" falsecount="0"/>
      <line num="37" count="426" type="stmt"/>
      <line num="39" count="28" type="stmt"/>
      <line num="42" count="1" type="stmt"/>
    </file>
    <file name="calculator.js" path="C:\Users\ghanb\OneDrive\Desktop\Library\Test-for-library-App\src\calculator.js">
      <metrics statements="6" coveredstatements="6" conditionals="0" coveredconditionals="0" methods="4" coveredmethods="4"/>
      <line num="1" count="1" type="stmt"/>
      <line num="3" count="3" type="stmt"/>
      <line num="6" count="3" type="stmt"/>
      <line num="9" count="3" type="stmt"/>
      <line num="12" count="3" type="stmt"/>
      <line num="16" count="1" type="stmt"/>
    </file>
    <file name="capitalize.js" path="C:\Users\ghanb\OneDrive\Desktop\Library\Test-for-library-App\src\capitalize.js">
      <metrics statements="5" coveredstatements="4" conditionals="4" coveredconditionals="4" methods="2" coveredmethods="1"/>
      <line num="2" count="7" type="cond" truecount="4" falsecount="0"/>
      <line num="3" count="4" type="stmt"/>
      <line num="5" count="3" type="stmt"/>
      <line num="9" count="0" type="stmt"/>
      <line num="13" count="1" type="stmt"/>
    </file>
    <file name="reverseString.js" path="C:\Users\ghanb\OneDrive\Desktop\Library\Test-for-library-App\src\reverseString.js">
      <metrics statements="5" coveredstatements="4" conditionals="2" coveredconditionals="2" methods="2" coveredmethods="1"/>
      <line num="2" count="7" type="cond" truecount="2" falsecount="0"/>
      <line num="3" count="3" type="stmt"/>
      <line num="5" count="4" type="stmt"/>
      <line num="9" count="0" type="stmt"/>
      <line num="15" count="1" type="stmt"/>
    </file>
  </project>
</coverage>
