<?xml version="1.0" encoding="UTF-8"?>
<coverage generated="1677780817836" clover="3.2.0">
  <project timestamp="1677780817836" name="All files">
    <metrics statements="44" coveredstatements="44" conditionals="16" coveredconditionals="16" methods="14" coveredmethods="14" elements="74" coveredelements="74" complexity="0" loc="44" ncloc="44" packages="1" files="5" classes="5"/>
    <file name="analyzeArray.js" path="C:\Users\Omistaja\Documents\oma\Coding\brainnest-course2\fourth-week\Test-for-library-App\src\analyzeArray.js">
      <metrics statements="10" coveredstatements="10" conditionals="0" coveredconditionals="0" methods="2" coveredmethods="2"/>
      <line num="2" count="1" type="stmt"/>
      <line num="3" count="26" type="stmt"/>
      <line num="4" count="7" type="stmt"/>
      <line num="5" count="7" type="stmt"/>
      <line num="6" count="7" type="stmt"/>
      <line num="7" count="7" type="stmt"/>
      <line num="8" count="7" type="stmt"/>
      <line num="11" count="1" type="stmt"/>
      <line num="13" count="1" type="stmt"/>
      <line num="15" count="1" type="stmt"/>
    </file>
    <file name="caesarCipher.js" path="C:\Users\Omistaja\Documents\oma\Coding\brainnest-course2\fourth-week\Test-for-library-App\src\caesarCipher.js">
      <metrics statements="20" coveredstatements="20" conditionals="10" coveredconditionals="10" methods="6" coveredmethods="6"/>
      <line num="2" count="1" type="stmt"/>
      <line num="4" count="30" type="stmt"/>
      <line num="6" count="30" type="stmt"/>
      <line num="8" count="30" type="stmt"/>
      <line num="11" count="1" type="stmt"/>
      <line num="13" count="780" type="stmt"/>
      <line num="15" count="30" type="stmt"/>
      <line num="17" count="488" type="stmt"/>
      <line num="20" count="488" type="cond" truecount="2" falsecount="0"/>
      <line num="22" count="244" type="stmt"/>
      <line num="23" count="244" type="stmt"/>
      <line num="25" count="244" type="stmt"/>
      <line num="26" count="244" type="stmt"/>
      <line num="28" count="488" type="cond" truecount="2" falsecount="0"/>
      <line num="30" count="394" type="cond" truecount="2" falsecount="0"/>
      <line num="32" count="266" type="cond" truecount="2" falsecount="0"/>
      <line num="34" count="128" type="cond" truecount="2" falsecount="0"/>
      <line num="37" count="488" type="stmt"/>
      <line num="39" count="30" type="stmt"/>
      <line num="45" count="1" type="stmt"/>
      <line num="46" count="1" type="stmt"/>
      <line num="47" count="1" type="stmt"/>
      <line num="48" count="1" type="stmt"/>
      <line num="49" count="1" type="stmt"/>
      <line num="52" count="1" type="stmt"/>
      <line num="53" count="1" type="stmt"/>
      <line num="54" count="1" type="stmt"/>
      <line num="55" count="1" type="stmt"/>
      <line num="56" count="1" type="stmt"/>
      <line num="57" count="1" type="stmt"/>
      <line num="60" count="1" type="stmt"/>
    </file>
    <file name="calculator.js" path="C:\Users\Omistaja\Documents\oma\Coding\brainnest-course2\fourth-week\Test-for-library-App\src\calculator.js">
      <metrics statements="6" coveredstatements="6" conditionals="0" coveredconditionals="0" methods="4" coveredmethods="4"/>
      <line num="1" count="1" type="stmt"/>
      <line num="3" count="3" type="stmt"/>
      <line num="6" count="3" type="stmt"/>
      <line num="9" count="3" type="stmt"/>
      <line num="12" count="3" type="stmt"/>
      <line num="16" count="1" type="stmt"/>
    </file>
    <file name="capitalize.js" path="C:\Users\Omistaja\Documents\oma\Coding\brainnest-course2\fourth-week\Test-for-library-App\src\capitalize.js">
      <metrics statements="4" coveredstatements="4" conditionals="4" coveredconditionals="4" methods="1" coveredmethods="1"/>
      <line num="2" count="7" type="cond" truecount="4" falsecount="0"/>
      <line num="3" count="4" type="stmt"/>
      <line num="5" count="3" type="stmt"/>
      <line num="8" count="1" type="stmt"/>
    </file>
    <file name="reverseString.js" path="C:\Users\Omistaja\Documents\oma\Coding\brainnest-course2\fourth-week\Test-for-library-App\src\reverseString.js">
      <metrics statements="4" coveredstatements="4" conditionals="2" coveredconditionals="2" methods="1" coveredmethods="1"/>
      <line num="2" count="7" type="cond" truecount="2" falsecount="0"/>
      <line num="3" count="3" type="stmt"/>
      <line num="5" count="4" type="stmt"/>
      <line num="8" count="1" type="stmt"/>
    </file>
  </project>
</coverage>
