{"D:\\web development\\Brainnest\\Brainnest_advanced_Week4_Team\\Test-for-library-App\\src\\analyzeArray.js": {"path":"D:\\web development\\Brainnest\\Brainnest_advanced_Week4_Team\\Test-for-library-App\\src\\analyzeArray.js","statementMap":{"0":{"start":{"line":1,"column":21},"end":{"line":8,"column":1}},"1":{"start":{"line":2,"column":14},"end":{"line":2,"column":43}},"2":{"start":{"line":2,"column":35},"end":{"line":2,"column":40}},"3":{"start":{"line":3,"column":18},"end":{"line":3,"column":34}},"4":{"start":{"line":4,"column":14},"end":{"line":4,"column":30}},"5":{"start":{"line":5,"column":14},"end":{"line":5,"column":30}},"6":{"start":{"line":6,"column":17},"end":{"line":6,"column":27}},"7":{"start":{"line":7,"column":2},"end":{"line":7,"column":39}},"8":{"start":{"line":10,"column":12},"end":{"line":10,"column":39}},"9":{"start":{"line":12,"column":0},"end":{"line":12,"column":16}},"10":{"start":{"line":14,"column":0},"end":{"line":14,"column":30}}},"fnMap":{"0":{"name":"(anonymous_0)","decl":{"start":{"line":1,"column":21},"end":{"line":1,"column":22}},"loc":{"start":{"line":1,"column":30},"end":{"line":8,"column":1}},"line":1},"1":{"name":"(anonymous_1)","decl":{"start":{"line":2,"column":25},"end":{"line":2,"column":26}},"loc":{"start":{"line":2,"column":35},"end":{"line":2,"column":40}},"line":2}},"branchMap":{},"s":{"0":1,"1":7,"2":26,"3":7,"4":7,"5":7,"6":7,"7":7,"8":1,"9":1,"10":1},"f":{"0":7,"1":26},"b":{},"_coverageSchema":"1a1c01bbd47fc00a2c39e90264f33305004495a9","hash":"a61cbeed41376cae19a61a3b6c622ebb769cb9db"}
,"D:\\web development\\Brainnest\\Brainnest_advanced_Week4_Team\\Test-for-library-App\\src\\caesarCipher.js": {"path":"D:\\web development\\Brainnest\\Brainnest_advanced_Week4_Team\\Test-for-library-App\\src\\caesarCipher.js","statementMap":{"0":{"start":{"line":2,"column":21},"end":{"line":9,"column":1}},"1":{"start":{"line":4,"column":19},"end":{"line":4,"column":62}},"2":{"start":{"line":4,"column":31},"end":{"line":4,"column":62}},"3":{"start":{"line":6,"column":19},"end":{"line":6,"column":62}},"4":{"start":{"line":6,"column":31},"end":{"line":6,"column":62}},"5":{"start":{"line":8,"column":2},"end":{"line":8,"column":29}},"6":{"start":{"line":11,"column":15},"end":{"line":40,"column":1}},"7":{"start":{"line":13,"column":18},"end":{"line":13,"column":75}},"8":{"start":{"line":13,"column":47},"end":{"line":13,"column":74}},"9":{"start":{"line":15,"column":17},"end":{"line":38,"column":4}},"10":{"start":{"line":17,"column":19},"end":{"line":17,"column":40}},"11":{"start":{"line":20,"column":4},"end":{"line":27,"column":5}},"12":{"start":{"line":22,"column":8},"end":{"line":22,"column":66}},"13":{"start":{"line":23,"column":8},"end":{"line":23,"column":14}},"14":{"start":{"line":25,"column":8},"end":{"line":25,"column":66}},"15":{"start":{"line":26,"column":8},"end":{"line":26,"column":14}},"16":{"start":{"line":28,"column":4},"end":{"line":36,"column":5}},"17":{"start":{"line":30,"column":6},"end":{"line":35,"column":7}},"18":{"start":{"line":32,"column":8},"end":{"line":32,"column":97}},"19":{"start":{"line":34,"column":8},"end":{"line":34,"column":111}},"20":{"start":{"line":37,"column":4},"end":{"line":37,"column":19}},"21":{"start":{"line":39,"column":2},"end":{"line":39,"column":25}},"22":{"start":{"line":45,"column":16},"end":{"line":50,"column":1}},"23":{"start":{"line":46,"column":22},"end":{"line":46,"column":60}},"24":{"start":{"line":47,"column":22},"end":{"line":47,"column":60}},"25":{"start":{"line":48,"column":19},"end":{"line":48,"column":55}},"26":{"start":{"line":49,"column":2},"end":{"line":49,"column":87}},"27":{"start":{"line":52,"column":16},"end":{"line":58,"column":1}},"28":{"start":{"line":53,"column":22},"end":{"line":53,"column":60}},"29":{"start":{"line":54,"column":22},"end":{"line":54,"column":60}},"30":{"start":{"line":55,"column":19},"end":{"line":55,"column":55}},"31":{"start":{"line":56,"column":2},"end":{"line":56,"column":44}},"32":{"start":{"line":57,"column":2},"end":{"line":57,"column":87}},"33":{"start":{"line":60,"column":0},"end":{"line":64,"column":2}}},"fnMap":{"0":{"name":"(anonymous_0)","decl":{"start":{"line":2,"column":21},"end":{"line":2,"column":22}},"loc":{"start":{"line":2,"column":30},"end":{"line":9,"column":1}},"line":2},"1":{"name":"(anonymous_1)","decl":{"start":{"line":4,"column":19},"end":{"line":4,"column":20}},"loc":{"start":{"line":4,"column":31},"end":{"line":4,"column":62}},"line":4},"2":{"name":"(anonymous_2)","decl":{"start":{"line":6,"column":19},"end":{"line":6,"column":20}},"loc":{"start":{"line":6,"column":31},"end":{"line":6,"column":62}},"line":6},"3":{"name":"(anonymous_3)","decl":{"start":{"line":11,"column":15},"end":{"line":11,"column":16}},"loc":{"start":{"line":11,"column":38},"end":{"line":40,"column":1}},"line":11},"4":{"name":"(anonymous_4)","decl":{"start":{"line":13,"column":37},"end":{"line":13,"column":38}},"loc":{"start":{"line":13,"column":47},"end":{"line":13,"column":74}},"line":13},"5":{"name":"(anonymous_5)","decl":{"start":{"line":15,"column":33},"end":{"line":15,"column":34}},"loc":{"start":{"line":15,"column":44},"end":{"line":38,"column":3}},"line":15},"6":{"name":"(anonymous_6)","decl":{"start":{"line":45,"column":16},"end":{"line":45,"column":17}},"loc":{"start":{"line":45,"column":22},"end":{"line":50,"column":1}},"line":45},"7":{"name":"(anonymous_7)","decl":{"start":{"line":52,"column":16},"end":{"line":52,"column":17}},"loc":{"start":{"line":52,"column":22},"end":{"line":58,"column":1}},"line":52}},"branchMap":{"0":{"loc":{"start":{"line":20,"column":4},"end":{"line":27,"column":5}},"type":"switch","locations":[{"start":{"line":21,"column":6},"end":{"line":23,"column":14}},{"start":{"line":24,"column":6},"end":{"line":26,"column":14}}],"line":20},"1":{"loc":{"start":{"line":28,"column":4},"end":{"line":36,"column":5}},"type":"if","locations":[{"start":{"line":28,"column":4},"end":{"line":36,"column":5}},{"start":{},"end":{}}],"line":28},"2":{"loc":{"start":{"line":30,"column":6},"end":{"line":35,"column":7}},"type":"if","locations":[{"start":{"line":30,"column":6},"end":{"line":35,"column":7}},{"start":{"line":33,"column":13},"end":{"line":35,"column":7}}],"line":30},"3":{"loc":{"start":{"line":32,"column":26},"end":{"line":32,"column":95}},"type":"cond-expr","locations":[{"start":{"line":32,"column":51},"end":{"line":32,"column":74}},{"start":{"line":32,"column":77},"end":{"line":32,"column":95}}],"line":32},"4":{"loc":{"start":{"line":34,"column":26},"end":{"line":34,"column":95}},"type":"cond-expr","locations":[{"start":{"line":34,"column":51},"end":{"line":34,"column":74}},{"start":{"line":34,"column":77},"end":{"line":34,"column":95}}],"line":34}},"s":{"0":1,"1":30,"2":15,"3":30,"4":15,"5":30,"6":1,"7":30,"8":780,"9":30,"10":488,"11":488,"12":244,"13":244,"14":244,"15":244,"16":488,"17":394,"18":266,"19":128,"20":488,"21":30,"22":1,"23":1,"24":1,"25":1,"26":1,"27":1,"28":1,"29":1,"30":1,"31":1,"32":1,"33":1},"f":{"0":30,"1":15,"2":15,"3":30,"4":780,"5":488,"6":1,"7":1},"b":{"0":[244,244],"1":[394,94],"2":[266,128],"3":[47,219],"4":[12,116]},"_coverageSchema":"1a1c01bbd47fc00a2c39e90264f33305004495a9","hash":"b581353225b39ce3c32434589e50100cc1d01150"}
,"D:\\web development\\Brainnest\\Brainnest_advanced_Week4_Team\\Test-for-library-App\\src\\calculator.js": {"path":"D:\\web development\\Brainnest\\Brainnest_advanced_Week4_Team\\Test-for-library-App\\src\\calculator.js","statementMap":{"0":{"start":{"line":1,"column":19},"end":{"line":14,"column":1}},"1":{"start":{"line":3,"column":4},"end":{"line":3,"column":17}},"2":{"start":{"line":6,"column":4},"end":{"line":6,"column":17}},"3":{"start":{"line":9,"column":4},"end":{"line":9,"column":17}},"4":{"start":{"line":12,"column":4},"end":{"line":12,"column":17}},"5":{"start":{"line":16,"column":0},"end":{"line":16,"column":28}}},"fnMap":{"0":{"name":"(anonymous_0)","decl":{"start":{"line":2,"column":7},"end":{"line":2,"column":8}},"loc":{"start":{"line":2,"column":23},"end":{"line":4,"column":3}},"line":2},"1":{"name":"(anonymous_1)","decl":{"start":{"line":5,"column":12},"end":{"line":5,"column":13}},"loc":{"start":{"line":5,"column":28},"end":{"line":7,"column":3}},"line":5},"2":{"name":"(anonymous_2)","decl":{"start":{"line":8,"column":10},"end":{"line":8,"column":11}},"loc":{"start":{"line":8,"column":26},"end":{"line":10,"column":3}},"line":8},"3":{"name":"(anonymous_3)","decl":{"start":{"line":11,"column":12},"end":{"line":11,"column":13}},"loc":{"start":{"line":11,"column":28},"end":{"line":13,"column":3}},"line":11}},"branchMap":{},"s":{"0":1,"1":3,"2":3,"3":3,"4":3,"5":1},"f":{"0":3,"1":3,"2":3,"3":3},"b":{},"_coverageSchema":"1a1c01bbd47fc00a2c39e90264f33305004495a9","hash":"2932ecf8c4dea68cfa9c6ff4d5dafc159bf96048"}
,"D:\\web development\\Brainnest\\Brainnest_advanced_Week4_Team\\Test-for-library-App\\src\\capitalize.js": {"path":"D:\\web development\\Brainnest\\Brainnest_advanced_Week4_Team\\Test-for-library-App\\src\\capitalize.js","statementMap":{"0":{"start":{"line":2,"column":4},"end":{"line":4,"column":5}},"1":{"start":{"line":3,"column":6},"end":{"line":3,"column":16}},"2":{"start":{"line":5,"column":4},"end":{"line":5,"column":54}},"3":{"start":{"line":8,"column":0},"end":{"line":8,"column":28}}},"fnMap":{"0":{"name":"capitalize","decl":{"start":{"line":1,"column":9},"end":{"line":1,"column":19}},"loc":{"start":{"line":1,"column":25},"end":{"line":6,"column":3}},"line":1}},"branchMap":{"0":{"loc":{"start":{"line":2,"column":4},"end":{"line":4,"column":5}},"type":"if","locations":[{"start":{"line":2,"column":4},"end":{"line":4,"column":5}},{"start":{},"end":{}}],"line":2},"1":{"loc":{"start":{"line":2,"column":8},"end":{"line":2,"column":51}},"type":"binary-expr","locations":[{"start":{"line":2,"column":8},"end":{"line":2,"column":31}},{"start":{"line":2,"column":35},"end":{"line":2,"column":51}}],"line":2}},"s":{"0":7,"1":4,"2":3,"3":1},"f":{"0":7},"b":{"0":[4,3],"1":[7,4]},"_coverageSchema":"1a1c01bbd47fc00a2c39e90264f33305004495a9","hash":"3a2cf6d40dfb5e18fb79df6c506ec08edd1d835e"}
,"D:\\web development\\Brainnest\\Brainnest_advanced_Week4_Team\\Test-for-library-App\\src\\reverseString.js": {"path":"D:\\web development\\Brainnest\\Brainnest_advanced_Week4_Team\\Test-for-library-App\\src\\reverseString.js","statementMap":{"0":{"start":{"line":2,"column":4},"end":{"line":4,"column":5}},"1":{"start":{"line":3,"column":6},"end":{"line":3,"column":16}},"2":{"start":{"line":5,"column":4},"end":{"line":5,"column":44}},"3":{"start":{"line":8,"column":0},"end":{"line":8,"column":31}}},"fnMap":{"0":{"name":"reverseString","decl":{"start":{"line":1,"column":9},"end":{"line":1,"column":22}},"loc":{"start":{"line":1,"column":28},"end":{"line":6,"column":3}},"line":1}},"branchMap":{"0":{"loc":{"start":{"line":2,"column":4},"end":{"line":4,"column":5}},"type":"if","locations":[{"start":{"line":2,"column":4},"end":{"line":4,"column":5}},{"start":{},"end":{}}],"line":2}},"s":{"0":7,"1":3,"2":4,"3":1},"f":{"0":7},"b":{"0":[3,4]},"_coverageSchema":"1a1c01bbd47fc00a2c39e90264f33305004495a9","hash":"7cd1d407aa2cdea27b79a810c7d2dc80b897d6bc"}
}
