TN:
SF:src\analyzeArray.js
FN:1,analyzeArray
FN:2,(anonymous_1)
FNF:2
FNH:2
FNDA:4,analyzeArray
FNDA:14,(anonymous_1)
DA:2,14
DA:3,4
DA:4,4
DA:5,4
DA:6,4
DA:7,4
DA:10,1
LF:7
LH:7
BRF:0
BRH:0
end_of_record
TN:
SF:src\caesarCipher.js
FN:1,(anonymous_0)
FN:2,(anonymous_1)
FN:4,(anonymous_2)
FN:9,(anonymous_3)
FNF:4
FNH:3
FNDA:2,(anonymous_0)
FNDA:52,(anonymous_1)
FNDA:2,(anonymous_2)
FNDA:0,(anonymous_3)
DA:1,1
DA:2,52
DA:4,2
DA:5,2
DA:6,2
DA:7,2
DA:9,2
DA:10,0
DA:11,0
DA:12,0
DA:14,2
DA:17,1
DA:19,1
LF:13
LH:10
BRF:0
BRH:0
end_of_record
TN:
SF:src\calculator.js
FN:2,(anonymous_0)
FN:5,(anonymous_1)
FN:8,(anonymous_2)
FN:11,(anonymous_3)
FNF:4
FNH:4
FNDA:3,(anonymous_0)
FNDA:3,(anonymous_1)
FNDA:3,(anonymous_2)
FNDA:3,(anonymous_3)
DA:1,1
DA:3,3
DA:6,3
DA:9,3
DA:12,3
DA:16,1
LF:6
LH:6
BRF:0
BRH:0
end_of_record
