TN:
SF:src\analyzeArray.js
FN:1,analyzeArray
FN:2,(anonymous_1)
FNF:2
FNH:2
FNDA:4,analyzeArray
FNDA:14,(anonymous_1)
DA:2,14
DA:3,4
DA:4,4
DA:5,4
DA:6,4
DA:7,4
DA:10,1
LF:7
LH:7
BRF:0
BRH:0
end_of_record
TN:
SF:src\caesarCipher.js
FN:2,(anonymous_0)
FN:4,(anonymous_1)
FN:6,(anonymous_2)
FN:11,(anonymous_3)
FN:13,(anonymous_4)
FN:15,(anonymous_5)
FNF:6
FNH:6
FNDA:28,(anonymous_0)
FNDA:14,(anonymous_1)
FNDA:14,(anonymous_2)
FNDA:28,(anonymous_3)
FNDA:728,(anonymous_4)
FNDA:426,(anonymous_5)
DA:2,1
DA:4,28
DA:6,28
DA:8,28
DA:11,1
DA:13,728
DA:15,28
DA:17,426
DA:20,426
DA:21,213
DA:22,213
DA:23,213
DA:25,426
DA:27,346
DA:29,226
DA:31,120
DA:34,426
DA:36,28
DA:39,1
LF:19
LH:19
BRDA:20,0,0,213
BRDA:20,0,1,213
BRDA:22,1,0,213
BRDA:22,1,1,0
BRDA:25,2,0,346
BRDA:25,2,1,80
BRDA:27,3,0,226
BRDA:27,3,1,120
BRDA:29,4,0,47
BRDA:29,4,1,179
BRDA:31,5,0,12
BRDA:31,5,1,108
BRF:12
BRH:11
end_of_record
TN:
SF:src\calculator.js
FN:2,(anonymous_0)
FN:5,(anonymous_1)
FN:8,(anonymous_2)
FN:11,(anonymous_3)
FNF:4
FNH:4
FNDA:3,(anonymous_0)
FNDA:3,(anonymous_1)
FNDA:3,(anonymous_2)
FNDA:3,(anonymous_3)
DA:1,1
DA:3,3
DA:6,3
DA:9,3
DA:12,3
DA:16,1
LF:6
LH:6
BRF:0
BRH:0
end_of_record
